[0822/171705.742:ERROR:crash_report_database_win.cc(558)] GetFileAttributes C:\Users\SAGARI~1\AppData\Local\Temp\scoped_dir10336_30416\Crashpad: The system cannot find the file specified. (0x2)
[0822/172122.035:ERROR:crash_report_database_win.cc(558)] GetFileAttributes C:\Users\SAGARI~1\AppData\Local\Temp\scoped_dir11524_22929\Crashpad: The system cannot find the file specified. (0x2)
[0826/140656.576:ERROR:crash_report_database_win.cc(558)] GetFileAttributes C:\Users\SAGARI~1\AppData\Local\Temp\scoped_dir9172_22187\Crashpad: The system cannot find the file specified. (0x2)
[0826/144008.616:ERROR:crash_report_database_win.cc(558)] GetFileAttributes C:\Users\SAGARI~1\AppData\Local\Temp\scoped_dir4016_28745\Crashpad: The system cannot find the file specified. (0x2)
[0826/163929.376:ERROR:crash_report_database_win.cc(558)] GetFileAttributes C:\Users\SAGARI~1\AppData\Local\Temp\scoped_dir10196_19156\Crashpad: The system cannot find the file specified. (0x2)
[0826/173324.216:ERROR:crash_report_database_win.cc(558)] GetFileAttributes C:\Users\SAGARI~1\AppData\Local\Temp\scoped_dir11860_8567\Crashpad: The system cannot find the file specified. (0x2)
[0827/143121.927:ERROR:crash_report_database_win.cc(558)] GetFileAttributes C:\Users\SAGARI~1\AppData\Local\Temp\scoped_dir5920_1700\Crashpad: The system cannot find the file specified. (0x2)
[0827/144627.539:ERROR:crash_report_database_win.cc(558)] GetFileAttributes C:\Users\SAGARI~1\AppData\Local\Temp\scoped_dir8928_32640\Crashpad: The system cannot find the file specified. (0x2)
[0827/151054.470:ERROR:crash_report_database_win.cc(558)] GetFileAttributes C:\Users\SAGARI~1\AppData\Local\Temp\scoped_dir11572_6013\Crashpad: The system cannot find the file specified. (0x2)
[0827/151515.974:ERROR:crash_report_database_win.cc(558)] GetFileAttributes C:\Users\SAGARI~1\AppData\Local\Temp\scoped_dir10008_17678\Crashpad: The system cannot find the file specified. (0x2)
[0827/162149.961:ERROR:crash_report_database_win.cc(558)] GetFileAttributes C:\Users\SAGARI~1\AppData\Local\Temp\scoped_dir2792_16000\Crashpad: The system cannot find the file specified. (0x2)
[0827/163120.259:ERROR:crash_report_database_win.cc(558)] GetFileAttributes C:\Users\SAGARI~1\AppData\Local\Temp\scoped_dir6136_29097\Crashpad: The system cannot find the file specified. (0x2)
[0827/163930.588:ERROR:crash_report_database_win.cc(558)] GetFileAttributes C:\Users\SAGARI~1\AppData\Local\Temp\scoped_dir3536_19504\Crashpad: The system cannot find the file specified. (0x2)
[0829/172923.215:ERROR:crash_report_database_win.cc(558)] GetFileAttributes C:\Users\SAGARI~1\AppData\Local\Temp\scoped_dir13044_5338\Crashpad: The system cannot find the file specified. (0x2)
[0829/173325.431:ERROR:crash_report_database_win.cc(558)] GetFileAttributes C:\Users\SAGARI~1\AppData\Local\Temp\scoped_dir10072_8160\Crashpad: The system cannot find the file specified. (0x2)
[0903/163653.231:ERROR:crash_report_database_win.cc(558)] GetFileAttributes C:\Users\SAGARI~1\AppData\Local\Temp\scoped_dir11952_15284\Crashpad: The system cannot find the file specified. (0x2)
[0903/164203.942:ERROR:crash_report_database_win.cc(558)] GetFileAttributes C:\Users\SAGARI~1\AppData\Local\Temp\scoped_dir10800_24020\Crashpad: The system cannot find the file specified. (0x2)
[0903/171147.586:ERROR:crash_report_database_win.cc(558)] GetFileAttributes C:\Users\SAGARI~1\AppData\Local\Temp\scoped_dir9116_24576\Crashpad: The system cannot find the file specified. (0x2)
[0903/173833.305:ERROR:crash_report_database_win.cc(558)] GetFileAttributes C:\Users\SAGARI~1\AppData\Local\Temp\scoped_dir5988_19092\Crashpad: The system cannot find the file specified. (0x2)
[0904/143109.625:ERROR:crash_report_database_win.cc(558)] GetFileAttributes C:\Users\SAGARI~1\AppData\Local\Temp\scoped_dir4764_4642\Crashpad: The system cannot find the file specified. (0x2)
[0909/151923.433:ERROR:crash_report_database_win.cc(558)] GetFileAttributes C:\Users\SAGARI~1\AppData\Local\Temp\scoped_dir1728_20312\Crashpad: The system cannot find the file specified. (0x2)
[0909/152220.788:ERROR:crash_report_database_win.cc(558)] GetFileAttributes C:\Users\SAGARI~1\AppData\Local\Temp\scoped_dir9916_10847\Crashpad: The system cannot find the file specified. (0x2)
[0909/172649.916:ERROR:crash_report_database_win.cc(558)] GetFileAttributes C:\Users\SAGARI~1\AppData\Local\Temp\scoped_dir11544_32091\Crashpad: The system cannot find the file specified. (0x2)
[0910/170052.949:ERROR:crash_report_database_win.cc(558)] GetFileAttributes C:\Users\SAGARI~1\AppData\Local\Temp\scoped_dir3504_1408\Crashpad: The system cannot find the file specified. (0x2)
[0911/171449.760:ERROR:crash_report_database_win.cc(558)] GetFileAttributes C:\Users\SAGARI~1\AppData\Local\Temp\scoped_dir11900_13362\Crashpad: The system cannot find the file specified. (0x2)
[0913/142523.616:ERROR:crash_report_database_win.cc(558)] GetFileAttributes C:\Users\SAGARI~1\AppData\Local\Temp\scoped_dir9304_20087\Crashpad: The system cannot find the file specified. (0x2)
[0916/145757.515:ERROR:crash_report_database_win.cc(558)] GetFileAttributes C:\Users\SAGARI~1\AppData\Local\Temp\scoped_dir11568_2827\Crashpad: The system cannot find the file specified. (0x2)
[0916/150749.607:ERROR:crash_report_database_win.cc(558)] GetFileAttributes C:\Users\SAGARI~1\AppData\Local\Temp\scoped_dir7232_5609\Crashpad: The system cannot find the file specified. (0x2)
[0916/151600.051:ERROR:crash_report_database_win.cc(558)] GetFileAttributes C:\Users\SAGARI~1\AppData\Local\Temp\scoped_dir12252_2550\Crashpad: The system cannot find the file specified. (0x2)
[0916/153543.672:ERROR:crash_report_database_win.cc(558)] GetFileAttributes C:\Users\SAGARI~1\AppData\Local\Temp\scoped_dir3648_30732\Crashpad: The system cannot find the file specified. (0x2)
[0916/155104.380:ERROR:crash_report_database_win.cc(558)] GetFileAttributes C:\Users\SAGARI~1\AppData\Local\Temp\scoped_dir1212_23105\Crashpad: The system cannot find the file specified. (0x2)
[0916/155627.990:ERROR:crash_report_database_win.cc(558)] GetFileAttributes C:\Users\SAGARI~1\AppData\Local\Temp\scoped_dir6360_2179\Crashpad: The system cannot find the file specified. (0x2)
[0916/172012.668:ERROR:crash_report_database_win.cc(558)] GetFileAttributes C:\Users\SAGARI~1\AppData\Local\Temp\scoped_dir10732_30035\Crashpad: The system cannot find the file specified. (0x2)
[0917/162207.778:ERROR:crash_report_database_win.cc(558)] GetFileAttributes C:\Users\SAGARI~1\AppData\Local\Temp\scoped_dir5192_28440\Crashpad: The system cannot find the file specified. (0x2)
[0920/165700.503:ERROR:crash_report_database_win.cc(558)] GetFileAttributes C:\Users\SAGARI~1\AppData\Local\Temp\scoped_dir3844_28278\Crashpad: The system cannot find the file specified. (0x2)
[0920/171755.243:ERROR:crash_report_database_win.cc(558)] GetFileAttributes C:\Users\SAGARI~1\AppData\Local\Temp\scoped_dir13156_26237\Crashpad: The system cannot find the file specified. (0x2)
[0920/172725.523:ERROR:crash_report_database_win.cc(558)] GetFileAttributes C:\Users\SAGARI~1\AppData\Local\Temp\scoped_dir12272_25572\Crashpad: The system cannot find the file specified. (0x2)
[0923/164357.666:ERROR:crash_report_database_win.cc(558)] GetFileAttributes C:\Users\SAGARI~1\AppData\Local\Temp\scoped_dir4076_27354\Crashpad: The system cannot find the file specified. (0x2)
[0923/173032.137:ERROR:crash_report_database_win.cc(558)] GetFileAttributes C:\Users\SAGARI~1\AppData\Local\Temp\scoped_dir11752_9113\Crashpad: The system cannot find the file specified. (0x2)
[0924/144804.250:ERROR:crash_report_database_win.cc(558)] GetFileAttributes C:\Users\SAGARI~1\AppData\Local\Temp\scoped_dir8748_10933\Crashpad: The system cannot find the file specified. (0x2)
[0924/145520.655:ERROR:crash_report_database_win.cc(558)] GetFileAttributes C:\Users\SAGARI~1\AppData\Local\Temp\scoped_dir312_9938\Crashpad: The system cannot find the file specified. (0x2)
[0925/152954.671:ERROR:crash_report_database_win.cc(558)] GetFileAttributes C:\Users\SAGARI~1\AppData\Local\Temp\scoped_dir10552_31235\Crashpad: The system cannot find the file specified. (0x2)
[0925/154451.246:ERROR:crash_report_database_win.cc(558)] GetFileAttributes C:\Users\SAGARI~1\AppData\Local\Temp\scoped_dir1052_22331\Crashpad: The system cannot find the file specified. (0x2)
[0925/160414.763:ERROR:file_io_win.cc(161)] CreateFile C:\Users\SAGARI~1\AppData\Local\Temp\scoped_dir11840_22857\Crashpad\settings.dat: The system cannot find the path specified. (0x3)
[0925/160414.763:ERROR:file_io_win.cc(170)] CreateFile C:\Users\SAGARI~1\AppData\Local\Temp\scoped_dir11840_22857\Crashpad\reports\b4c584a0-872e-491a-993e-3c4102113d1a.dmp: The system cannot find the path specified. (0x3)
[0925/160414.763:ERROR:crash_report_exception_handler.cc(97)] PrepareNewCrashReport failed
[1004/170851.864:ERROR:crash_report_database_win.cc(558)] GetFileAttributes C:\Users\SAGARI~1\AppData\Local\Temp\scoped_dir8824_17179\Crashpad: The system cannot find the file specified. (0x2)
[1119/151341.767:ERROR:crash_report_database_win.cc(558)] GetFileAttributes C:\Users\SAGARI~1\AppData\Local\Temp\scoped_dir14884_32267\Crashpad: The system cannot find the file specified. (0x2)
[1119/152041.858:ERROR:prune_crash_reports.cc(34)] PruneCrashReportDatabase: Failed to get pending reports
[0107/153210.939:ERROR:crash_report_database_win.cc(558)] GetFileAttributes C:\Users\SAGARI~1\AppData\Local\Temp\scoped_dir9104_29167\Crashpad: The system cannot find the file specified. (0x2)
[0107/153333.481:ERROR:crash_report_database_win.cc(558)] GetFileAttributes C:\Users\SAGARI~1\AppData\Local\Temp\scoped_dir5332_11790\Crashpad: The system cannot find the file specified. (0x2)
[0107/154516.495:ERROR:crash_report_database_win.cc(558)] GetFileAttributes C:\Users\SAGARI~1\AppData\Local\Temp\scoped_dir11000_4083\Crashpad: The system cannot find the file specified. (0x2)
[0107/154921.343:ERROR:crash_report_database_win.cc(558)] GetFileAttributes C:\Users\SAGARI~1\AppData\Local\Temp\scoped_dir10876_8192\Crashpad: The system cannot find the file specified. (0x2)
[0107/155644.749:ERROR:crash_report_database_win.cc(558)] GetFileAttributes C:\Users\SAGARI~1\AppData\Local\Temp\scoped_dir2260_14047\Crashpad: The system cannot find the file specified. (0x2)
[0107/164911.667:ERROR:crash_report_database_win.cc(558)] GetFileAttributes C:\Users\SAGARI~1\AppData\Local\Temp\scoped_dir10296_5040\Crashpad: The system cannot find the file specified. (0x2)
[0108/161759.931:ERROR:crash_report_database_win.cc(558)] GetFileAttributes C:\Users\SAGARI~1\AppData\Local\Temp\scoped_dir8696_31095\Crashpad: The system cannot find the file specified. (0x2)
[0108/162611.812:ERROR:crash_report_database_win.cc(558)] GetFileAttributes C:\Users\SAGARI~1\AppData\Local\Temp\scoped_dir8108_27456\Crashpad: The system cannot find the file specified. (0x2)
[0109/142851.659:ERROR:crash_report_database_win.cc(558)] GetFileAttributes C:\Users\SAGARI~1\AppData\Local\Temp\scoped_dir5828_32729\Crashpad: The system cannot find the file specified. (0x2)
[0109/143501.345:ERROR:crash_report_database_win.cc(558)] GetFileAttributes C:\Users\SAGARI~1\AppData\Local\Temp\scoped_dir1748_7850\Crashpad: The system cannot find the file specified. (0x2)
[0109/150927.575:ERROR:prune_crash_reports.cc(35)] PruneCrashReportDatabase: Failed to get pending reports
[0109/173438.857:ERROR:crash_report_database_win.cc(558)] GetFileAttributes C:\Users\SAGARI~1\AppData\Local\Temp\scoped_dir5044_7468\Crashpad: The system cannot find the file specified. (0x2)
[0109/174057.991:ERROR:crash_report_database_win.cc(558)] GetFileAttributes C:\Users\SAGARI~1\AppData\Local\Temp\scoped_dir12336_3145\Crashpad: The system cannot find the file specified. (0x2)
[0109/183932.068:ERROR:crash_report_database_win.cc(558)] GetFileAttributes C:\Users\SAGARI~1\AppData\Local\Temp\scoped_dir13580_23638\Crashpad: The system cannot find the file specified. (0x2)
[0109/184334.166:ERROR:crash_report_database_win.cc(558)] GetFileAttributes C:\Users\SAGARI~1\AppData\Local\Temp\scoped_dir14140_1321\Crashpad: The system cannot find the file specified. (0x2)
[0110/152151.056:ERROR:crash_report_database_win.cc(558)] GetFileAttributes C:\Users\SAGARI~1\AppData\Local\Temp\scoped_dir14912_28727\Crashpad: The system cannot find the file specified. (0x2)
[0110/154325.635:ERROR:crash_report_database_win.cc(558)] GetFileAttributes C:\Users\SAGARI~1\AppData\Local\Temp\scoped_dir3588_31689\Crashpad: The system cannot find the file specified. (0x2)
[0110/155119.594:ERROR:crash_report_database_win.cc(558)] GetFileAttributes C:\Users\SAGARI~1\AppData\Local\Temp\scoped_dir10632_32398\Crashpad: The system cannot find the file specified. (0x2)
[0110/155511.127:ERROR:crash_report_database_win.cc(558)] GetFileAttributes C:\Users\SAGARI~1\AppData\Local\Temp\scoped_dir9628_30649\Crashpad: The system cannot find the file specified. (0x2)
[0113/153457.029:ERROR:crash_report_database_win.cc(558)] GetFileAttributes C:\Users\SAGARI~1\AppData\Local\Temp\scoped_dir15460_8789\Crashpad: The system cannot find the file specified. (0x2)
[0113/164817.442:ERROR:crash_report_database_win.cc(558)] GetFileAttributes C:\Users\SAGARI~1\AppData\Local\Temp\scoped_dir11564_5288\Crashpad: The system cannot find the file specified. (0x2)
[0113/165828.774:ERROR:crash_report_database_win.cc(558)] GetFileAttributes C:\Users\SAGARI~1\AppData\Local\Temp\scoped_dir11048_18236\Crashpad: The system cannot find the file specified. (0x2)
[0113/170615.593:ERROR:crash_report_database_win.cc(558)] GetFileAttributes C:\Users\SAGARI~1\AppData\Local\Temp\scoped_dir16632_10135\Crashpad: The system cannot find the file specified. (0x2)
[0113/170803.152:ERROR:crash_report_database_win.cc(558)] GetFileAttributes C:\Users\SAGARI~1\AppData\Local\Temp\scoped_dir3112_31441\Crashpad: The system cannot find the file specified. (0x2)
[0113/171701.767:ERROR:crash_report_database_win.cc(558)] GetFileAttributes C:\Users\SAGARI~1\AppData\Local\Temp\scoped_dir12572_28935\Crashpad: The system cannot find the file specified. (0x2)
[0113/171825.205:ERROR:crash_report_database_win.cc(558)] GetFileAttributes C:\Users\SAGARI~1\AppData\Local\Temp\scoped_dir1804_3091\Crashpad: The system cannot find the file specified. (0x2)
[0114/144342.653:ERROR:crash_report_database_win.cc(558)] GetFileAttributes C:\Users\SAGARI~1\AppData\Local\Temp\scoped_dir12600_6449\Crashpad: The system cannot find the file specified. (0x2)
[0114/144404.064:ERROR:crash_report_database_win.cc(558)] GetFileAttributes C:\Users\SAGARI~1\AppData\Local\Temp\scoped_dir13592_18275\Crashpad: The system cannot find the file specified. (0x2)
[0114/145217.688:ERROR:crash_report_database_win.cc(558)] GetFileAttributes C:\Users\SAGARI~1\AppData\Local\Temp\scoped_dir9160_22299\Crashpad: The system cannot find the file specified. (0x2)
[0114/150754.354:ERROR:prune_crash_reports.cc(35)] PruneCrashReportDatabase: Failed to get pending reports
[0114/152910.026:ERROR:crash_report_database_win.cc(558)] GetFileAttributes C:\Users\SAGARI~1\AppData\Local\Temp\scoped_dir10784_19558\Crashpad: The system cannot find the file specified. (0x2)
[0117/143605.134:ERROR:crash_report_database_win.cc(558)] GetFileAttributes C:\Users\SAGARI~1\AppData\Local\Temp\scoped_dir10740_17266\Crashpad: The system cannot find the file specified. (0x2)
[0117/145614.130:ERROR:crash_report_database_win.cc(558)] GetFileAttributes C:\Users\SAGARI~1\AppData\Local\Temp\scoped_dir2780_14412\Crashpad: The system cannot find the file specified. (0x2)
[0117/150933.787:ERROR:crash_report_database_win.cc(558)] GetFileAttributes C:\Users\SAGARI~1\AppData\Local\Temp\scoped_dir11080_6699\Crashpad: The system cannot find the file specified. (0x2)
[0117/151321.548:ERROR:crash_report_database_win.cc(558)] GetFileAttributes C:\Users\SAGARI~1\AppData\Local\Temp\scoped_dir13500_30988\Crashpad: The system cannot find the file specified. (0x2)
[0117/153153.410:ERROR:crash_report_database_win.cc(558)] GetFileAttributes C:\Users\SAGARI~1\AppData\Local\Temp\scoped_dir15792_9267\Crashpad: The system cannot find the file specified. (0x2)
[0117/163318.835:ERROR:crash_report_database_win.cc(558)] GetFileAttributes C:\Users\SAGARI~1\AppData\Local\Temp\scoped_dir10396_29692\Crashpad: The system cannot find the file specified. (0x2)
[0117/164828.320:ERROR:crash_report_database_win.cc(558)] GetFileAttributes C:\Users\SAGARI~1\AppData\Local\Temp\scoped_dir16532_1776\Crashpad: The system cannot find the file specified. (0x2)
